{
  "RSpec": {
    "coverage": {
      "/Users/mariekerkstoel/Makers/Week10/Bank/spec/account_spec.rb": [
        1,
        1,
        1,
        null,
        1,
        11,
        2,
        2,
        1,
        1,
        1,
        null,
        1,
        1,
        null,
        null,
        null,
        1,
        1,
        1,
        1,
        null,
        1,
        1,
        0,
        null,
        1,
        1,
        1,
        null,
        1,
        2,
        null,
        1,
        1,
        1,
        null,
        1,
        1,
        1,
        1,
        null,
        1,
        1,
        1,
        null,
        1,
        1,
        1,
        1,
        1,
        null,
        null,
        null,
        1,
        1,
        1,
        1,
        null,
        null,
        null
      ],
      "/Users/mariekerkstoel/Makers/Week10/Bank/lib/account.rb": [
        1,
        1,
        null,
        1,
        1,
        null,
        1,
        11,
        11,
        null,
        null,
        1,
        10,
        10,
        10,
        null,
        null,
        1,
        10,
        9,
        null,
        null,
        1,
        1,
        1,
        null,
        null
      ],
      "/Users/mariekerkstoel/Makers/Week10/Bank/lib/transaction.rb": [
        1,
        1,
        1,
        null,
        1,
        1,
        1,
        null,
        1,
        14,
        14,
        14,
        null,
        null,
        1,
        16,
        16,
        null,
        null
      ],
      "/Users/mariekerkstoel/Makers/Week10/Bank/lib/deposit.rb": [
        1,
        1,
        1,
        13,
        null,
        null
      ],
      "/Users/mariekerkstoel/Makers/Week10/Bank/lib/withdrawal.rb": [
        1,
        1,
        1,
        7,
        null,
        null
      ],
      "/Users/mariekerkstoel/Makers/Week10/Bank/lib/print.rb": [
        1,
        1,
        2,
        2,
        null,
        null,
        1,
        null,
        1,
        2,
        2,
        2,
        2,
        null,
        null,
        null
      ],
      "/Users/mariekerkstoel/Makers/Week10/Bank/spec/deposit_spec.rb": [
        1,
        1,
        null,
        1,
        2,
        2,
        1,
        1,
        1,
        null,
        1,
        1,
        null,
        null,
        null
      ],
      "/Users/mariekerkstoel/Makers/Week10/Bank/spec/print_spec.rb": [
        1,
        1,
        null,
        1,
        2,
        2,
        2,
        2,
        1,
        1,
        1,
        null,
        null,
        null
      ],
      "/Users/mariekerkstoel/Makers/Week10/Bank/spec/transaction_spec.rb": [
        1,
        1,
        null,
        1,
        6,
        1,
        1,
        1,
        null,
        1,
        1,
        null,
        null,
        1,
        1,
        2,
        null,
        1,
        1,
        1,
        null,
        1,
        1,
        1,
        null,
        null,
        null
      ],
      "/Users/mariekerkstoel/Makers/Week10/Bank/spec/withdrawal_spec.rb": [
        1,
        1,
        null,
        1,
        2,
        2,
        1,
        1,
        1,
        null,
        1,
        1,
        null,
        null,
        null
      ]
    },
    "timestamp": 1514976688
  }
}
